<?xml version="1.0" encoding="UTF-8" ?>
<testsuites errors="0"
            failures="1"
            tests="11">

  <testsuite name="promotional-ad-edit"
    errors="0" failures="1" hostname="" id="" package="promotional-ad-edit" skipped="10"
    tests="11" time="0.000" timestamp="Wed, 03 Feb 2016 17:54:55 GMT">
  
    <testcase name="create a delivery group" time="22.83" assertions="3">

    

      <failure message="Timed out while waiting for element &lt;#campaign-deliverygroups&gt; to be present for 10000 milliseconds.">AssertionError: Timed out while waiting for element &lt;#campaign-deliverygroups&gt; to be present for 10000 milliseconds.
    at Object.module.exports.create a delivery group (C:\code\project\nightwatch\tests\promotional-ad-edit.js:80:4)
    at Module.call (C:\Users\jevans.BLP\AppData\Roaming\npm\node_modules\nightwatch\lib\runner\module.js:60:34)
    at C:\Users\jevans.BLP\AppData\Roaming\npm\node_modules\nightwatch\lib\runner\testcase.js:102:29
    at _fulfilled (C:\Users\jevans.BLP\AppData\Roaming\npm\node_modules\nightwatch\node_modules\q\q.js:834:54)
    at self.promiseDispatch.done (C:\Users\jevans.BLP\AppData\Roaming\npm\node_modules\nightwatch\node_modules\q\q.js:863:30)
    at Promise.promise.promiseDispatch (C:\Users\jevans.BLP\AppData\Roaming\npm\node_modules\nightwatch\node_modules\q\q.js:796:13)
    at C:\Users\jevans.BLP\AppData\Roaming\npm\node_modules\nightwatch\node_modules\q\q.js:556:49
    at runSingle (C:\Users\jevans.BLP\AppData\Roaming\npm\node_modules\nightwatch\node_modules\q\q.js:137:13)
    at flush (C:\Users\jevans.BLP\AppData\Roaming\npm\node_modules\nightwatch\node_modules\q\q.js:125:13)
    at process._tickCallback (node.js:355:11)</failure>

    
    </testcase>
  
  
    
    <testcase
      name="create a second delivery group">
      <skipped />
    </testcase>
    
    <testcase
      name="create an overlay promotional creative">
      <skipped />
    </testcase>
    
    <testcase
      name="create a second overlay promotional creative">
      <skipped />
    </testcase>
    
    <testcase
      name="create a destination creative">
      <skipped />
    </testcase>
    
    <testcase
      name="create a second destination creative">
      <skipped />
    </testcase>
    
    <testcase
      name="test creating an ad empty fields causes name validation error">
      <skipped />
    </testcase>
    
    <testcase
      name="test creating a promotional ad saves">
      <skipped />
    </testcase>
    
    <testcase
      name="test created promotional ad has correct input values">
      <skipped />
    </testcase>
    
    <testcase
      name="test editing promotional ad saves">
      <skipped />
    </testcase>
    
    <testcase
      name="test edited promotional ad has correct input values">
      <skipped />
    </testcase>
    
  
  </testsuite>
</testsuites>
