<?xml version="1.0" encoding="UTF-8" ?>
<testsuites errors="0"
            failures="1"
            tests="23">

  <testsuite name="destination-creative-edit"
    errors="0" failures="1" hostname="" id="" package="destination-creative-edit" skipped="17"
    tests="23" time="0.000" timestamp="Mon, 14 Mar 2016 19:38:52 GMT">
  
    <testcase name="test deleting feature removes feature, before saving" time="9.478" assertions="3">

    

    

    
    </testcase>
  
    <testcase name="test deleting feature among a list of features will remove the correct feature, before saving" time="3.035" assertions="2">

    

    
    </testcase>
  
    <testcase name="test creating a destination creative with only name and description" time="4.134" assertions="3">

    

    

    
    </testcase>
  
    <testcase name="test existing creative has correct name and description" time="0.4130" assertions="4">

    

    

    

    
    </testcase>
  
    <testcase name="create a destination creative with name, description, and inactivity threshold" time="2.237" assertions="2">

    

    
    </testcase>
  
    <testcase name="test creative has correct inactivity threshold" time="2.805" assertions="3">

    

      <failure message="Testing if value of &lt;div[data-nw-fieldname=&quot;inactivityThreshold&quot;] input&gt; equals: &quot;500&quot;.">AssertionError: Testing if value of &lt;div[data-nw-fieldname=&quot;inactivityThreshold&quot;] input&gt; equals: &quot;500&quot;.
    at Object.module.exports.test creative has correct inactivity threshold (C:\code\project\nightwatch\tests\destination-creative-edit.js:137:11)
    at Module.call (C:\Users\jevans.BLP\AppData\Roaming\npm\node_modules\nightwatch\lib\runner\module.js:60:34)
    at C:\Users\jevans.BLP\AppData\Roaming\npm\node_modules\nightwatch\lib\runner\testcase.js:102:29
    at _fulfilled (C:\Users\jevans.BLP\AppData\Roaming\npm\node_modules\nightwatch\node_modules\q\q.js:834:54)
    at self.promiseDispatch.done (C:\Users\jevans.BLP\AppData\Roaming\npm\node_modules\nightwatch\node_modules\q\q.js:863:30)
    at Promise.promise.promiseDispatch (C:\Users\jevans.BLP\AppData\Roaming\npm\node_modules\nightwatch\node_modules\q\q.js:796:13)
    at C:\Users\jevans.BLP\AppData\Roaming\npm\node_modules\nightwatch\node_modules\q\q.js:556:49
    at runSingle (C:\Users\jevans.BLP\AppData\Roaming\npm\node_modules\nightwatch\node_modules\q\q.js:137:13)
    at flush (C:\Users\jevans.BLP\AppData\Roaming\npm\node_modules\nightwatch\node_modules\q\q.js:125:13)
    at process._tickCallback (node.js:355:11)</failure>

    
    </testcase>
  
  
    
    <testcase
      name="test new creative cannot use a name that exists for another creative">
      <skipped />
    </testcase>
    
    <testcase
      name="test Combination feature has correct properties (step 1: arrange)">
      <skipped />
    </testcase>
    
    <testcase
      name="test Combination feature has correct properties (step 2: assert)">
      <skipped />
    </testcase>
    
    <testcase
      name="test Image feature has correct properties (step 1: arrange)">
      <skipped />
    </testcase>
    
    <testcase
      name="test Image feature has correct properties (step 2: assert)">
      <skipped />
    </testcase>
    
    <testcase
      name="test Questionaire feature has correct properties (step 1: arrange)">
      <skipped />
    </testcase>
    
    <testcase
      name="test Questionaire feature has correct properties (step 2: assert)">
      <skipped />
    </testcase>
    
    <testcase
      name="test Video feature has correct properties (step 1: arrange)">
      <skipped />
    </testcase>
    
    <testcase
      name="test Video feature has correct properties (step 2: assert)">
      <skipped />
    </testcase>
    
    <testcase
      name="test switching between new creative feature pages displays correct page fields">
      <skipped />
    </testcase>
    
    <testcase
      name="test switching between new creative feature pages clears page field value after switching back">
      <skipped />
    </testcase>
    
    <testcase
      name="test Video Description models display (step 1: arrange)">
      <skipped />
    </testcase>
    
    <testcase
      name="test Video Description models display (step 2: assert)">
      <skipped />
    </testcase>
    
    <testcase
      name="test Image models display (step 1: arrange)">
      <skipped />
    </testcase>
    
    <testcase
      name="test Image models display (step 2: assert)">
      <skipped />
    </testcase>
    
    <testcase
      name="test Email Entry models display (step 1: arrange)">
      <skipped />
    </testcase>
    
    <testcase
      name="test Email Entry models display (step 2: assert)">
      <skipped />
    </testcase>
    
  
  </testsuite>
</testsuites>
