<?xml version="1.0" encoding="UTF-8" ?>
<testsuites errors="0"
            failures="1"
            tests="6">

  <testsuite name="promotionalCreative"
    errors="0" failures="1" hostname="" id="" package="promotionalCreative" skipped="5"
    tests="6" time="0.000" timestamp="Tue, 22 Sep 2015 15:42:32 GMT">
  
    <testcase name="test creating a promotional creative with empty fields causes name validation error" time="20.94" assertions="2">

      <failure message="Timed out while waiting for element &lt;#campaign-content-container&gt; to be present for 10000 milliseconds.">AssertionError: Timed out while waiting for element &lt;#campaign-content-container&gt; to be present for 10000 milliseconds.
    at Object.module.exports.test creating a promotional creative with empty fields causes name validation error (C:\code\project\brightline\tests\brightline.acceptancetesting\tests\promotionalCreative.js:28:4)
    at Module.call (C:\Users\jevans.BLP\AppData\Roaming\npm\node_modules\nightwatch\lib\runner\module.js:60:34)
    at C:\Users\jevans.BLP\AppData\Roaming\npm\node_modules\nightwatch\lib\runner\testcase.js:102:29
    at _fulfilled (C:\Users\jevans.BLP\AppData\Roaming\npm\node_modules\nightwatch\node_modules\q\q.js:834:54)
    at self.promiseDispatch.done (C:\Users\jevans.BLP\AppData\Roaming\npm\node_modules\nightwatch\node_modules\q\q.js:863:30)
    at Promise.promise.promiseDispatch (C:\Users\jevans.BLP\AppData\Roaming\npm\node_modules\nightwatch\node_modules\q\q.js:796:13)
    at C:\Users\jevans.BLP\AppData\Roaming\npm\node_modules\nightwatch\node_modules\q\q.js:556:49
    at runSingle (C:\Users\jevans.BLP\AppData\Roaming\npm\node_modules\nightwatch\node_modules\q\q.js:137:13)
    at flush (C:\Users\jevans.BLP\AppData\Roaming\npm\node_modules\nightwatch\node_modules\q\q.js:125:13)
    at process._tickCallback (node.js:355:11)</failure>

    
    </testcase>
  
  
    
    <testcase
      name="test creating a promotional creative will save">
      <skipped />
    </testcase>
    
    <testcase
      name="test promotional creative field values persisted after create">
      <skipped />
    </testcase>
    
    <testcase
      name="test editing a promotional creative">
      <skipped />
    </testcase>
    
    <testcase
      name="test promotional creative field values persisted after edit">
      <skipped />
    </testcase>
    
    <testcase
      name="test duplicate creative name">
      <skipped />
    </testcase>
    
  
  </testsuite>
</testsuites>
